#! /c/Source/iverilog-install/bin/vvp
:ivl_version "12.0 (devel)" "(s20150603-1539-g2693dd32b)";
:ivl_delay_selection "TYPICAL";
:vpi_time_precision + 0;
:vpi_module "C:\iverilog\lib\ivl\system.vpi";
:vpi_module "C:\iverilog\lib\ivl\vhdl_sys.vpi";
:vpi_module "C:\iverilog\lib\ivl\vhdl_textio.vpi";
:vpi_module "C:\iverilog\lib\ivl\v2005_math.vpi";
:vpi_module "C:\iverilog\lib\ivl\va_math.vpi";
S_00000164288946e0 .scope module, "video_display" "video_display" 2 24;
 .timescale 0 0;
    .port_info 0 /INPUT 1 "pixel_clk";
    .port_info 1 /INPUT 1 "sys_rst_n";
    .port_info 2 /INPUT 11 "pixel_xpos";
    .port_info 3 /INPUT 11 "pixel_ypos";
    .port_info 4 /INPUT 4 "key";
    .port_info 5 /OUTPUT 24 "pixel_data";
P_0000016428862720 .param/l "BLACK" 1 2 42, C4<000000000000000000000000>;
P_0000016428862758 .param/l "BLOCK_W" 1 2 39, C4<00000010100>;
P_0000016428862790 .param/l "BLUE" 1 2 40, C4<000000000000000011111111>;
P_00000164288627c8 .param/l "Crimson" 1 2 44, C4<110111000001010000111100>;
P_0000016428862800 .param/l "FOOD_COLOR" 1 2 45, C4<110111000001010000111100>;
P_0000016428862838 .param/l "FOOD_W" 1 2 51, C4<00000010100>;
P_0000016428862870 .param/l "FOOD_X" 1 2 52, C4<00110010000>;
P_00000164288628a8 .param/l "FOOD_Y" 1 2 53, C4<00110010000>;
P_00000164288628e0 .param/l "GREEN" 1 2 43, C4<000000000110010000000000>;
P_0000016428862918 .param/l "H_DISP" 0 2 35, C4<10100000000>;
P_0000016428862950 .param/l "INI_X" 1 2 46, C4<01010000000>;
P_0000016428862988 .param/l "INI_Y" 1 2 47, C4<00101101000>;
P_00000164288629c0 .param/l "MaxSize" 1 2 59, +C4<00000000000000000000000000010000>;
P_00000164288629f8 .param/l "SIDE_W" 1 2 38, C4<00000101000>;
P_0000016428862a30 .param/l "StandardF" 1 2 48, C4<000000000010110101010001100100>;
P_0000016428862a68 .param/l "V_DISP" 0 2 36, C4<01011010000>;
P_0000016428862aa0 .param/l "WHITE" 1 2 41, C4<111111111111111111111111>;
P_0000016428862ad8 .param/l "speed" 1 2 49, +C4<00000000000000000000000000000001>;
v000001642888e220 .array "Food_Array", 0 1, 10 0;
v000001642888d6e0_0 .var "MOEN", 0 0;
v000001642888d960_0 .var "SnakeSize", 3 0;
v000001642888dd20 .array "Snake_Array", 33 0, 10 0;
v000001642888e2c0_0 .net *"_ivl_0", 31 0, L_0000016428916de0;  1 drivers
L_0000016428c90160 .functor BUFT 1, C4<0>, C4<0>, C4<0>, C4<0>;
v000001642888da00_0 .net/2u *"_ivl_10", 0 0, L_0000016428c90160;  1 drivers
L_0000016428c90088 .functor BUFT 1, C4<000000>, C4<0>, C4<0>, C4<0>;
v000001642888daa0_0 .net *"_ivl_3", 5 0, L_0000016428c90088;  1 drivers
L_0000016428c900d0 .functor BUFT 1, C4<00000000011100010100101111101000>, C4<0>, C4<0>, C4<0>;
v000001642888e360_0 .net/2u *"_ivl_4", 31 0, L_0000016428c900d0;  1 drivers
v00000164289174c0_0 .net *"_ivl_6", 0 0, L_0000016428916c00;  1 drivers
L_0000016428c90118 .functor BUFT 1, C4<1>, C4<0>, C4<0>, C4<0>;
v0000016428916a20_0 .net/2u *"_ivl_8", 0 0, L_0000016428c90118;  1 drivers
v0000016428917c40_0 .var "block_x", 10 0;
v0000016428917b00_0 .var "block_y", 10 0;
v0000016428917a60_0 .var "direction", 1 0;
v00000164289180a0_0 .var "div_cnt", 25 0;
v00000164289171a0_0 .var "found_match", 0 0;
v00000164289168e0_0 .var/i "index0", 31 0;
v0000016428916d40_0 .var/i "index1", 31 0;
v0000016428917880_0 .var/i "index2", 31 0;
v0000016428918140_0 .var/i "index3", 31 0;
v0000016428917ce0_0 .var/i "index4", 31 0;
v0000016428917240_0 .var/i "index_draw", 31 0;
o00000164288c4bc8 .functor BUFZ 4, C4<zzzz>; HiZ drive
v00000164289179c0_0 .net "key", 3 0, o00000164288c4bc8;  0 drivers
v0000016428917d80_0 .net "move_en", 0 0, L_0000016428917ec0;  1 drivers
o00000164288c4c28 .functor BUFZ 1, C4<z>; HiZ drive
v0000016428917ba0_0 .net "pixel_clk", 0 0, o00000164288c4c28;  0 drivers
v0000016428918280_0 .var "pixel_data", 23 0;
o00000164288c4c88 .functor BUFZ 11, C4<zzzzzzzzzzz>; HiZ drive
v00000164289165c0_0 .net "pixel_xpos", 10 0, o00000164288c4c88;  0 drivers
o00000164288c4cb8 .functor BUFZ 11, C4<zzzzzzzzzzz>; HiZ drive
v0000016428916e80_0 .net "pixel_ypos", 10 0, o00000164288c4cb8;  0 drivers
o00000164288c4ce8 .functor BUFZ 1, C4<z>; HiZ drive
v0000016428917e20_0 .net "sys_rst_n", 0 0, o00000164288c4ce8;  0 drivers
E_00000164288bcce0 .event posedge, v0000016428917ba0_0;
E_00000164288bc420/0 .event negedge, v0000016428917e20_0;
E_00000164288bc420/1 .event posedge, v0000016428917ba0_0;
E_00000164288bc420 .event/or E_00000164288bc420/0, E_00000164288bc420/1;
L_0000016428916de0 .concat [ 26 6 0 0], v00000164289180a0_0, L_0000016428c90088;
L_0000016428916c00 .cmp/eq 32, L_0000016428916de0, L_0000016428c900d0;
L_0000016428917ec0 .functor MUXZ 1, L_0000016428c90160, L_0000016428c90118, L_0000016428916c00, C4<>;
    .scope S_00000164288946e0;
T_0 ;
    %pushi/vec4 640, 0, 11;
    %store/vec4 v0000016428917c40_0, 0, 11;
    %pushi/vec4 360, 0, 11;
    %store/vec4 v0000016428917b00_0, 0, 11;
    %pushi/vec4 3, 0, 4;
    %store/vec4 v000001642888d960_0, 0, 4;
    %pushi/vec4 0, 0, 1;
    %store/vec4 v00000164289171a0_0, 0, 1;
    %end;
    .thread T_0;
    .scope S_00000164288946e0;
T_1 ;
    %wait E_00000164288bc420;
    %load/vec4 v0000016428917e20_0;
    %nor/r;
    %flag_set/vec4 8;
    %jmp/0xz  T_1.0, 8;
    %pushi/vec4 0, 0, 1;
    %store/vec4 v000001642888d6e0_0, 0, 1;
    %jmp T_1.1;
T_1.0 ;
    %load/vec4 v00000164289179c0_0;
    %parti/s 1, 0, 2;
    %pad/u 32;
    %cmpi/e 1, 0, 32;
    %jmp/0xz  T_1.2, 4;
    %load/vec4 v0000016428917a60_0;
    %pushi/vec4 1, 0, 2;
    %cmp/e;
    %flag_get/vec4 4;
    %nor/r;
    %flag_set/vec4 8;
    %jmp/0xz  T_1.4, 8;
    %pushi/vec4 0, 0, 2;
    %store/vec4 v0000016428917a60_0, 0, 2;
T_1.4 ;
    %pushi/vec4 1, 0, 1;
    %store/vec4 v000001642888d6e0_0, 0, 1;
    %jmp T_1.3;
T_1.2 ;
    %load/vec4 v00000164289179c0_0;
    %parti/s 1, 1, 2;
    %pad/u 32;
    %cmpi/e 1, 0, 32;
    %jmp/0xz  T_1.6, 4;
    %load/vec4 v0000016428917a60_0;
    %pushi/vec4 0, 0, 2;
    %cmp/e;
    %flag_get/vec4 4;
    %nor/r;
    %flag_set/vec4 8;
    %jmp/0xz  T_1.8, 8;
    %pushi/vec4 1, 0, 2;
    %store/vec4 v0000016428917a60_0, 0, 2;
T_1.8 ;
    %pushi/vec4 1, 0, 1;
    %store/vec4 v000001642888d6e0_0, 0, 1;
    %jmp T_1.7;
T_1.6 ;
    %load/vec4 v00000164289179c0_0;
    %parti/s 1, 2, 3;
    %pad/u 32;
    %cmpi/e 1, 0, 32;
    %jmp/0xz  T_1.10, 4;
    %load/vec4 v0000016428917a60_0;
    %pushi/vec4 3, 0, 2;
    %cmp/e;
    %flag_get/vec4 4;
    %nor/r;
    %flag_set/vec4 8;
    %jmp/0xz  T_1.12, 8;
    %pushi/vec4 2, 0, 2;
    %store/vec4 v0000016428917a60_0, 0, 2;
T_1.12 ;
    %pushi/vec4 1, 0, 1;
    %store/vec4 v000001642888d6e0_0, 0, 1;
    %jmp T_1.11;
T_1.10 ;
    %load/vec4 v00000164289179c0_0;
    %parti/s 1, 3, 3;
    %pad/u 32;
    %cmpi/e 1, 0, 32;
    %jmp/0xz  T_1.14, 4;
    %load/vec4 v0000016428917a60_0;
    %pushi/vec4 2, 0, 2;
    %cmp/e;
    %flag_get/vec4 4;
    %nor/r;
    %flag_set/vec4 8;
    %jmp/0xz  T_1.16, 8;
    %pushi/vec4 3, 0, 2;
    %store/vec4 v0000016428917a60_0, 0, 2;
T_1.16 ;
    %pushi/vec4 1, 0, 1;
    %store/vec4 v000001642888d6e0_0, 0, 1;
T_1.14 ;
T_1.11 ;
T_1.7 ;
T_1.3 ;
T_1.1 ;
    %jmp T_1;
    .thread T_1;
    .scope S_00000164288946e0;
T_2 ;
    %wait E_00000164288bcce0;
    %load/vec4 v0000016428917e20_0;
    %nor/r;
    %flag_set/vec4 8;
    %jmp/0xz  T_2.0, 8;
    %pushi/vec4 0, 0, 26;
    %assign/vec4 v00000164289180a0_0, 0;
    %jmp T_2.1;
T_2.0 ;
    %load/vec4 v00000164289180a0_0;
    %pad/u 32;
    %cmpi/u 7425000, 0, 32;
    %jmp/0xz  T_2.2, 5;
    %load/vec4 v00000164289180a0_0;
    %addi 1, 0, 26;
    %assign/vec4 v00000164289180a0_0, 0;
    %jmp T_2.3;
T_2.2 ;
    %pushi/vec4 0, 0, 26;
    %assign/vec4 v00000164289180a0_0, 0;
T_2.3 ;
T_2.1 ;
    %jmp T_2;
    .thread T_2;
    .scope S_00000164288946e0;
T_3 ;
    %wait E_00000164288bc420;
    %load/vec4 v0000016428917e20_0;
    %nor/r;
    %flag_set/vec4 8;
    %jmp/0xz  T_3.0, 8;
    %pushi/vec4 0, 0, 32;
    %store/vec4 v00000164289168e0_0, 0, 32;
T_3.2 ;
    %load/vec4 v00000164289168e0_0;
    %cmpi/s 16, 0, 32;
    %jmp/0xz T_3.3, 5;
    %load/vec4 v00000164289168e0_0;
    %load/vec4 v000001642888d960_0;
    %pad/u 32;
    %cmp/u;
    %jmp/0xz  T_3.4, 5;
    %pushi/vec4 640, 0, 32;
    %load/vec4 v00000164289168e0_0;
    %muli 20, 0, 32;
    %sub;
    %pad/u 11;
    %load/vec4 v00000164289168e0_0;
    %pad/s 34;
    %pad/s 35;
    %muli 2, 0, 35;
    %ix/vec4/s 4;
    %store/vec4a v000001642888dd20, 4, 0;
    %pushi/vec4 360, 0, 11;
    %load/vec4 v00000164289168e0_0;
    %pad/s 34;
    %pad/s 35;
    %muli 2, 0, 35;
    %pad/s 36;
    %pushi/vec4 1, 0, 2;
    %pad/s 36;
    %add;
    %ix/vec4/s 4;
    %store/vec4a v000001642888dd20, 4, 0;
T_3.4 ;
    %load/vec4 v00000164289168e0_0;
    %addi 1, 0, 32;
    %store/vec4 v00000164289168e0_0, 0, 32;
    %jmp T_3.2;
T_3.3 ;
    %pushi/vec4 400, 0, 11;
    %ix/load 4, 0, 0;
    %flag_set/imm 4, 0;
    %store/vec4a v000001642888e220, 4, 0;
    %pushi/vec4 400, 0, 11;
    %ix/load 4, 1, 0;
    %flag_set/imm 4, 0;
    %store/vec4a v000001642888e220, 4, 0;
    %jmp T_3.1;
T_3.0 ;
    %load/vec4 v0000016428917d80_0;
    %flag_set/vec4 9;
    %flag_get/vec4 9;
    %jmp/0 T_3.8, 9;
    %load/vec4 v000001642888d6e0_0;
    %and;
T_3.8;
    %flag_set/vec4 8;
    %jmp/0xz  T_3.6, 8;
    %load/vec4 v0000016428917a60_0;
    %dup/vec4;
    %pushi/vec4 0, 0, 2;
    %cmp/u;
    %jmp/1 T_3.9, 6;
    %dup/vec4;
    %pushi/vec4 1, 0, 2;
    %cmp/u;
    %jmp/1 T_3.10, 6;
    %dup/vec4;
    %pushi/vec4 2, 0, 2;
    %cmp/u;
    %jmp/1 T_3.11, 6;
    %dup/vec4;
    %pushi/vec4 3, 0, 2;
    %cmp/u;
    %jmp/1 T_3.12, 6;
    %jmp T_3.13;
T_3.9 ;
    %pushi/vec4 15, 0, 32;
    %store/vec4 v0000016428916d40_0, 0, 32;
T_3.14 ;
    %load/vec4 v0000016428916d40_0;
    %cmpi/s 0, 0, 32;
    %flag_or 5, 4; GT is !LE
    %flag_inv 5;
    %jmp/0xz T_3.15, 5;
    %load/vec4 v0000016428916d40_0;
    %load/vec4 v000001642888d960_0;
    %pad/u 32;
    %cmp/u;
    %jmp/0xz  T_3.16, 5;
    %load/vec4 v0000016428916d40_0;
    %subi 1, 0, 32;
    %pad/s 34;
    %pad/s 35;
    %muli 2, 0, 35;
    %ix/vec4/s 4;
    %load/vec4a v000001642888dd20, 4;
    %load/vec4 v0000016428916d40_0;
    %pad/s 34;
    %pad/s 35;
    %muli 2, 0, 35;
    %ix/vec4/s 4;
    %store/vec4a v000001642888dd20, 4, 0;
    %load/vec4 v0000016428916d40_0;
    %subi 1, 0, 32;
    %pad/s 34;
    %pad/s 35;
    %muli 2, 0, 35;
    %pad/s 36;
    %pushi/vec4 1, 0, 2;
    %pad/s 36;
    %add;
    %ix/vec4/s 4;
    %load/vec4a v000001642888dd20, 4;
    %load/vec4 v0000016428916d40_0;
    %pad/s 34;
    %pad/s 35;
    %muli 2, 0, 35;
    %pad/s 36;
    %pushi/vec4 1, 0, 2;
    %pad/s 36;
    %add;
    %ix/vec4/s 4;
    %store/vec4a v000001642888dd20, 4, 0;
T_3.16 ;
    %load/vec4 v0000016428916d40_0;
    %subi 1, 0, 32;
    %store/vec4 v0000016428916d40_0, 0, 32;
    %jmp T_3.14;
T_3.15 ;
    %ix/load 4, 1, 0;
    %flag_set/imm 4, 0;
    %load/vec4a v000001642888dd20, 4;
    %subi 20, 0, 11;
    %ix/load 4, 1, 0;
    %flag_set/imm 4, 0;
    %store/vec4a v000001642888dd20, 4, 0;
    %jmp T_3.13;
T_3.10 ;
    %pushi/vec4 15, 0, 32;
    %store/vec4 v0000016428917880_0, 0, 32;
T_3.18 ;
    %load/vec4 v0000016428917880_0;
    %cmpi/s 0, 0, 32;
    %flag_or 5, 4; GT is !LE
    %flag_inv 5;
    %jmp/0xz T_3.19, 5;
    %load/vec4 v0000016428917880_0;
    %load/vec4 v000001642888d960_0;
    %pad/u 32;
    %cmp/u;
    %jmp/0xz  T_3.20, 5;
    %load/vec4 v0000016428917880_0;
    %subi 1, 0, 32;
    %pad/s 34;
    %pad/s 35;
    %muli 2, 0, 35;
    %ix/vec4/s 4;
    %load/vec4a v000001642888dd20, 4;
    %load/vec4 v0000016428917880_0;
    %pad/s 34;
    %pad/s 35;
    %muli 2, 0, 35;
    %ix/vec4/s 4;
    %store/vec4a v000001642888dd20, 4, 0;
    %load/vec4 v0000016428917880_0;
    %subi 1, 0, 32;
    %pad/s 34;
    %pad/s 35;
    %muli 2, 0, 35;
    %pad/s 36;
    %pushi/vec4 1, 0, 2;
    %pad/s 36;
    %add;
    %ix/vec4/s 4;
    %load/vec4a v000001642888dd20, 4;
    %load/vec4 v0000016428917880_0;
    %pad/s 34;
    %pad/s 35;
    %muli 2, 0, 35;
    %pad/s 36;
    %pushi/vec4 1, 0, 2;
    %pad/s 36;
    %add;
    %ix/vec4/s 4;
    %store/vec4a v000001642888dd20, 4, 0;
T_3.20 ;
    %load/vec4 v0000016428917880_0;
    %subi 1, 0, 32;
    %store/vec4 v0000016428917880_0, 0, 32;
    %jmp T_3.18;
T_3.19 ;
    %ix/load 4, 1, 0;
    %flag_set/imm 4, 0;
    %load/vec4a v000001642888dd20, 4;
    %addi 20, 0, 11;
    %ix/load 4, 1, 0;
    %flag_set/imm 4, 0;
    %store/vec4a v000001642888dd20, 4, 0;
    %jmp T_3.13;
T_3.11 ;
    %pushi/vec4 15, 0, 32;
    %store/vec4 v0000016428918140_0, 0, 32;
T_3.22 ;
    %load/vec4 v0000016428918140_0;
    %cmpi/s 0, 0, 32;
    %flag_or 5, 4; GT is !LE
    %flag_inv 5;
    %jmp/0xz T_3.23, 5;
    %load/vec4 v0000016428918140_0;
    %load/vec4 v000001642888d960_0;
    %pad/u 32;
    %cmp/u;
    %jmp/0xz  T_3.24, 5;
    %load/vec4 v0000016428918140_0;
    %subi 1, 0, 32;
    %pad/s 34;
    %pad/s 35;
    %muli 2, 0, 35;
    %ix/vec4/s 4;
    %load/vec4a v000001642888dd20, 4;
    %load/vec4 v0000016428918140_0;
    %pad/s 34;
    %pad/s 35;
    %muli 2, 0, 35;
    %ix/vec4/s 4;
    %store/vec4a v000001642888dd20, 4, 0;
    %load/vec4 v0000016428918140_0;
    %subi 1, 0, 32;
    %pad/s 34;
    %pad/s 35;
    %muli 2, 0, 35;
    %pad/s 36;
    %pushi/vec4 1, 0, 2;
    %pad/s 36;
    %add;
    %ix/vec4/s 4;
    %load/vec4a v000001642888dd20, 4;
    %load/vec4 v0000016428918140_0;
    %pad/s 34;
    %pad/s 35;
    %muli 2, 0, 35;
    %pad/s 36;
    %pushi/vec4 1, 0, 2;
    %pad/s 36;
    %add;
    %ix/vec4/s 4;
    %store/vec4a v000001642888dd20, 4, 0;
T_3.24 ;
    %load/vec4 v0000016428918140_0;
    %subi 1, 0, 32;
    %store/vec4 v0000016428918140_0, 0, 32;
    %jmp T_3.22;
T_3.23 ;
    %ix/load 4, 0, 0;
    %flag_set/imm 4, 0;
    %load/vec4a v000001642888dd20, 4;
    %subi 20, 0, 11;
    %ix/load 4, 0, 0;
    %flag_set/imm 4, 0;
    %store/vec4a v000001642888dd20, 4, 0;
    %jmp T_3.13;
T_3.12 ;
    %pushi/vec4 15, 0, 32;
    %store/vec4 v0000016428917ce0_0, 0, 32;
T_3.26 ;
    %load/vec4 v0000016428917ce0_0;
    %cmpi/s 0, 0, 32;
    %flag_or 5, 4; GT is !LE
    %flag_inv 5;
    %jmp/0xz T_3.27, 5;
    %load/vec4 v0000016428917ce0_0;
    %load/vec4 v000001642888d960_0;
    %pad/u 32;
    %cmp/u;
    %jmp/0xz  T_3.28, 5;
    %load/vec4 v0000016428917ce0_0;
    %subi 1, 0, 32;
    %pad/s 34;
    %pad/s 35;
    %muli 2, 0, 35;
    %ix/vec4/s 4;
    %load/vec4a v000001642888dd20, 4;
    %load/vec4 v0000016428917ce0_0;
    %pad/s 34;
    %pad/s 35;
    %muli 2, 0, 35;
    %ix/vec4/s 4;
    %store/vec4a v000001642888dd20, 4, 0;
    %load/vec4 v0000016428917ce0_0;
    %subi 1, 0, 32;
    %pad/s 34;
    %pad/s 35;
    %muli 2, 0, 35;
    %pad/s 36;
    %pushi/vec4 1, 0, 2;
    %pad/s 36;
    %add;
    %ix/vec4/s 4;
    %load/vec4a v000001642888dd20, 4;
    %load/vec4 v0000016428917ce0_0;
    %pad/s 34;
    %pad/s 35;
    %muli 2, 0, 35;
    %pad/s 36;
    %pushi/vec4 1, 0, 2;
    %pad/s 36;
    %add;
    %ix/vec4/s 4;
    %store/vec4a v000001642888dd20, 4, 0;
T_3.28 ;
    %load/vec4 v0000016428917ce0_0;
    %subi 1, 0, 32;
    %store/vec4 v0000016428917ce0_0, 0, 32;
    %jmp T_3.26;
T_3.27 ;
    %ix/load 4, 0, 0;
    %flag_set/imm 4, 0;
    %load/vec4a v000001642888dd20, 4;
    %addi 20, 0, 11;
    %ix/load 4, 0, 0;
    %flag_set/imm 4, 0;
    %store/vec4a v000001642888dd20, 4, 0;
    %jmp T_3.13;
T_3.13 ;
    %pop/vec4 1;
    %ix/load 4, 0, 0;
    %flag_set/imm 4, 0;
    %load/vec4a v000001642888dd20, 4;
    %ix/load 4, 0, 0;
    %flag_set/imm 4, 0;
    %load/vec4a v000001642888e220, 4;
    %cmp/e;
    %flag_get/vec4 4;
    %jmp/0 T_3.32, 4;
    %ix/load 4, 1, 0;
    %flag_set/imm 4, 0;
    %load/vec4a v000001642888dd20, 4;
    %ix/load 4, 1, 0;
    %flag_set/imm 4, 0;
    %load/vec4a v000001642888e220, 4;
    %cmp/e;
    %flag_get/vec4 4;
    %and;
T_3.32;
    %flag_set/vec4 8;
    %jmp/0xz  T_3.30, 8;
    %load/vec4 v000001642888d960_0;
    %addi 1, 0, 4;
    %store/vec4 v000001642888d960_0, 0, 4;
    %pushi/vec4 100, 0, 32;
    %ix/load 4, 0, 0;
    %flag_set/imm 4, 0;
    %load/vec4a v000001642888dd20, 4;
    %pad/u 32;
    %muli 13, 0, 32;
    %ix/load 4, 2, 0;
    %flag_set/imm 4, 0;
    %load/vec4a v000001642888dd20, 4;
    %pad/u 32;
    %muli 7, 0, 32;
    %add;
    %ix/load 4, 4, 0;
    %flag_set/imm 4, 0;
    %load/vec4a v000001642888dd20, 4;
    %pad/u 32;
    %muli 2, 0, 32;
    %add;
    %pushi/vec4 1100, 0, 32;
    %mod;
    %add;
    %pad/u 11;
    %ix/load 4, 0, 0;
    %flag_set/imm 4, 0;
    %store/vec4a v000001642888e220, 4, 0;
    %pushi/vec4 100, 0, 32;
    %ix/load 4, 1, 0;
    %flag_set/imm 4, 0;
    %load/vec4a v000001642888dd20, 4;
    %pad/u 32;
    %muli 13, 0, 32;
    %ix/load 4, 3, 0;
    %flag_set/imm 4, 0;
    %load/vec4a v000001642888dd20, 4;
    %pad/u 32;
    %muli 7, 0, 32;
    %add;
    %ix/load 4, 5, 0;
    %flag_set/imm 4, 0;
    %load/vec4a v000001642888dd20, 4;
    %pad/u 32;
    %muli 2, 0, 32;
    %add;
    %ix/load 4, 0, 0;
    %flag_set/imm 4, 0;
    %load/vec4a v000001642888e220, 4;
    %pad/u 32;
    %add;
    %pushi/vec4 500, 0, 32;
    %mod;
    %add;
    %pad/u 11;
    %ix/load 4, 1, 0;
    %flag_set/imm 4, 0;
    %store/vec4a v000001642888e220, 4, 0;
T_3.30 ;
T_3.6 ;
T_3.1 ;
    %jmp T_3;
    .thread T_3;
    .scope S_00000164288946e0;
T_4 ;
    %wait E_00000164288bcce0;
    %load/vec4 v0000016428917e20_0;
    %nor/r;
    %flag_set/vec4 8;
    %jmp/0xz  T_4.0, 8;
    %pushi/vec4 0, 0, 24;
    %assign/vec4 v0000016428918280_0, 0;
    %jmp T_4.1;
T_4.0 ;
    %load/vec4 v00000164289165c0_0;
    %cmpi/u 40, 0, 11;
    %jmp/1 T_4.6, 5;
    %flag_mov 8, 5;
    %load/vec4 v00000164289165c0_0;
    %cmpi/u 1240, 0, 11;
    %flag_inv 5; GE is !LT
    %flag_or 5, 8;
T_4.6;
    %jmp/1 T_4.5, 5;
    %flag_mov 8, 5;
    %load/vec4 v0000016428916e80_0;
    %cmpi/u 40, 0, 11;
    %flag_or 5, 8;
T_4.5;
    %jmp/1 T_4.4, 5;
    %flag_mov 8, 5;
    %load/vec4 v0000016428916e80_0;
    %cmpi/u 680, 0, 11;
    %flag_inv 5; GE is !LT
    %flag_or 5, 8;
T_4.4;
    %jmp/0xz  T_4.2, 5;
    %pushi/vec4 255, 0, 24;
    %assign/vec4 v0000016428918280_0, 0;
    %jmp T_4.3;
T_4.2 ;
    %pushi/vec4 0, 0, 1;
    %store/vec4 v00000164289171a0_0, 0, 1;
    %pushi/vec4 0, 0, 32;
    %store/vec4 v0000016428917240_0, 0, 32;
T_4.7 ;
    %load/vec4 v0000016428917240_0;
    %cmpi/s 16, 0, 32;
    %flag_get/vec4 5;
    %jmp/0 T_4.9, 5;
    %load/vec4 v00000164289171a0_0;
    %nor/r;
    %and;
T_4.9;
    %flag_set/vec4 8;
    %jmp/0xz T_4.8, 8;
    %load/vec4 v0000016428917240_0;
    %load/vec4 v000001642888d960_0;
    %pad/u 32;
    %cmp/u;
    %jmp/0xz  T_4.10, 5;
    %load/vec4 v0000016428917240_0;
    %pad/s 34;
    %pad/s 35;
    %muli 2, 0, 35;
    %ix/vec4/s 4;
    %load/vec4a v000001642888dd20, 4;
    %load/vec4 v00000164289165c0_0;
    %cmp/u;
    %flag_or 5, 4;
    %flag_get/vec4 5;
    %jmp/0 T_4.15, 5;
    %load/vec4 v00000164289165c0_0;
    %load/vec4 v0000016428917240_0;
    %pad/s 34;
    %pad/s 35;
    %muli 2, 0, 35;
    %ix/vec4/s 4;
    %load/vec4a v000001642888dd20, 4;
    %addi 20, 0, 11;
    %cmp/u;
    %flag_get/vec4 5;
    %and;
T_4.15;
    %flag_set/vec4 9;
    %flag_get/vec4 9;
    %jmp/0 T_4.14, 9;
    %load/vec4 v0000016428917240_0;
    %pad/s 34;
    %pad/s 35;
    %muli 2, 0, 35;
    %pad/s 36;
    %pushi/vec4 1, 0, 2;
    %pad/s 36;
    %add;
    %ix/vec4/s 4;
    %load/vec4a v000001642888dd20, 4;
    %load/vec4 v0000016428916e80_0;
    %cmp/u;
    %flag_or 5, 4;
    %flag_get/vec4 5;
    %jmp/0 T_4.16, 5;
    %load/vec4 v0000016428916e80_0;
    %load/vec4 v0000016428917240_0;
    %pad/s 34;
    %pad/s 35;
    %muli 2, 0, 35;
    %pad/s 36;
    %pushi/vec4 1, 0, 2;
    %pad/s 36;
    %add;
    %ix/vec4/s 4;
    %load/vec4a v000001642888dd20, 4;
    %addi 20, 0, 11;
    %cmp/u;
    %flag_get/vec4 5;
    %and;
T_4.16;
    %and;
T_4.14;
    %flag_set/vec4 8;
    %jmp/0xz  T_4.12, 8;
    %pushi/vec4 0, 0, 24;
    %assign/vec4 v0000016428918280_0, 0;
    %pushi/vec4 1, 0, 1;
    %store/vec4 v00000164289171a0_0, 0, 1;
T_4.12 ;
T_4.10 ;
    %load/vec4 v0000016428917240_0;
    %addi 1, 0, 32;
    %store/vec4 v0000016428917240_0, 0, 32;
    %jmp T_4.7;
T_4.8 ;
    %load/vec4 v00000164289171a0_0;
    %nor/r;
    %flag_set/vec4 8;
    %jmp/0xz  T_4.17, 8;
    %ix/load 4, 0, 0;
    %flag_set/imm 4, 0;
    %load/vec4a v000001642888e220, 4;
    %load/vec4 v00000164289165c0_0;
    %cmp/u;
    %flag_or 5, 4;
    %flag_get/vec4 5;
    %jmp/0 T_4.23, 5;
    %load/vec4 v00000164289165c0_0;
    %ix/load 4, 0, 0;
    %flag_set/imm 4, 0;
    %load/vec4a v000001642888e220, 4;
    %addi 20, 0, 11;
    %cmp/u;
    %flag_get/vec4 5;
    %and;
T_4.23;
    %flag_set/vec4 10;
    %flag_get/vec4 10;
    %jmp/0 T_4.22, 10;
    %ix/load 4, 1, 0;
    %flag_set/imm 4, 0;
    %load/vec4a v000001642888e220, 4;
    %load/vec4 v0000016428916e80_0;
    %cmp/u;
    %flag_get/vec4 4;
    %flag_get/vec4 5;
    %or;
    %and;
T_4.22;
    %flag_set/vec4 9;
    %flag_get/vec4 9;
    %jmp/0 T_4.21, 9;
    %load/vec4 v0000016428916e80_0;
    %ix/load 4, 1, 0;
    %flag_set/imm 4, 0;
    %load/vec4a v000001642888e220, 4;
    %addi 20, 0, 11;
    %cmp/u;
    %flag_get/vec4 5;
    %and;
T_4.21;
    %flag_set/vec4 8;
    %jmp/0xz  T_4.19, 8;
    %pushi/vec4 14423100, 0, 24;
    %assign/vec4 v0000016428918280_0, 0;
    %jmp T_4.20;
T_4.19 ;
    %pushi/vec4 16777215, 0, 24;
    %assign/vec4 v0000016428918280_0, 0;
T_4.20 ;
T_4.17 ;
T_4.3 ;
T_4.1 ;
    %jmp T_4;
    .thread T_4;
# The file index is used to find the file name in the following table.
:file_names 3;
    "N/A";
    "<interactive>";
    "video_display.v";
